<?xml version="1.0" encoding="UTF-8"?>
<!-- Generated by org.testng.reporters.JUnitReportReporter -->
<testsuite skipped="0" hostname="CBT-2F-301" name="com_ActiTime_Test.ValidLoginLogoutTest" tests="1" failures="0" timestamp="2021-03-19T13:08:54 IST" time="12.260" errors="0">
  <testcase name="validLoginLogout" time="12.260" classname="com_ActiTime_Test.ValidLoginLogoutTest"/>
</testsuite> <!-- com_ActiTime_Test.ValidLoginLogoutTest -->
