<?xml version="1.0" encoding="UTF-8"?>
<!-- Generated by org.testng.reporters.JUnitReportReporter -->
<testsuite skipped="0" hostname="CBT-2F-301" name="ValidLoginLogoutTest" tests="1" failures="0" timestamp="2021-03-18T14:09:09 IST" time="45.232" errors="0">
  <testcase name="validLoginLogout" time="45.232" classname="ValidLoginLogoutTest"/>
</testsuite> <!-- ValidLoginLogoutTest -->
