<?xml version="1.0" encoding="UTF-8"?>
<!-- Generated by org.testng.reporters.JUnitReportReporter -->
<testsuite skipped="0" hostname="CBT-2F-301" name="com_ActiTime_Test.Demo" tests="1" failures="0" timestamp="2021-03-23T16:16:15 IST" time="0.009" errors="0">
  <testcase name="testA" time="0.009" classname="com_ActiTime_Test.Demo"/>
</testsuite> <!-- com_ActiTime_Test.Demo -->
